OpenSSH_6.9p1, LibreSSL 2.1.8
debug1: Reading configuration data /etc/ssh/ssh_config
debug1: /etc/ssh/ssh_config line 20: Applying options for *
debug1: /etc/ssh/ssh_config line 102: Applying options for *
debug2: ssh_connect: needpriv 0
debug1: Connecting to localhost [::1] port 1337.
debug1: connect to address ::1 port 1337: Connection refused
debug1: Connecting to localhost [127.0.0.1] port 1337.
debug1: Connection established.
debug1: key_load_public: No such file or directory
debug1: identity file /Users/sanjaysana/.ssh/id_rsa type -1
debug1: key_load_public: No such file or directory
debug1: identity file /Users/sanjaysana/.ssh/id_rsa-cert type -1
debug1: key_load_public: No such file or directory
debug1: identity file /Users/sanjaysana/.ssh/id_dsa type -1
debug1: key_load_public: No such file or directory
debug1: identity file /Users/sanjaysana/.ssh/id_dsa-cert type -1
debug1: key_load_public: No such file or directory
debug1: identity file /Users/sanjaysana/.ssh/id_ecdsa type -1
debug1: key_load_public: No such file or directory
debug1: identity file /Users/sanjaysana/.ssh/id_ecdsa-cert type -1
debug1: key_load_public: No such file or directory
debug1: identity file /Users/sanjaysana/.ssh/id_ed25519 type -1
debug1: key_load_public: No such file or directory
debug1: identity file /Users/sanjaysana/.ssh/id_ed25519-cert type -1
debug1: Enabling compatibility mode for protocol 2.0
debug1: Local version string SSH-2.0-OpenSSH_6.9
debug1: Remote protocol version 2.0, remote software version OpenSSH_6.6.1p1 Ubuntu-2ubuntu2.4
debug1: match: OpenSSH_6.6.1p1 Ubuntu-2ubuntu2.4 pat OpenSSH_6.6.1* compat 0x04000000
debug2: fd 5 setting O_NONBLOCK
debug1: Authenticating to localhost:1337 as 'mininet'
debug1: SSH2_MSG_KEXINIT sent
debug1: SSH2_MSG_KEXINIT received
debug2: kex_parse_kexinit: curve25519-sha256@libssh.org,ecdh-sha2-nistp256,ecdh-sha2-nistp384,ecdh-sha2-nistp521,diffie-hellman-group-exchange-sha256,diffie-hellman-group-exchange-sha1,diffie-hellman-group14-sha1,diffie-hellman-group1-sha1
debug2: kex_parse_kexinit: ecdsa-sha2-nistp256-cert-v01@openssh.com,ecdsa-sha2-nistp384-cert-v01@openssh.com,ecdsa-sha2-nistp521-cert-v01@openssh.com,ecdsa-sha2-nistp256,ecdsa-sha2-nistp384,ecdsa-sha2-nistp521,ssh-ed25519-cert-v01@openssh.com,ssh-rsa-cert-v01@openssh.com,ssh-dss-cert-v01@openssh.com,ssh-rsa-cert-v00@openssh.com,ssh-dss-cert-v00@openssh.com,ssh-ed25519,ssh-rsa,ssh-dss
debug2: kex_parse_kexinit: chacha20-poly1305@openssh.com,aes128-ctr,aes192-ctr,aes256-ctr,aes128-gcm@openssh.com,aes256-gcm@openssh.com,arcfour256,arcfour128,aes128-cbc,3des-cbc,blowfish-cbc,cast128-cbc,aes192-cbc,aes256-cbc,arcfour,rijndael-cbc@lysator.liu.se
debug2: kex_parse_kexinit: chacha20-poly1305@openssh.com,aes128-ctr,aes192-ctr,aes256-ctr,aes128-gcm@openssh.com,aes256-gcm@openssh.com,arcfour256,arcfour128,aes128-cbc,3des-cbc,blowfish-cbc,cast128-cbc,aes192-cbc,aes256-cbc,arcfour,rijndael-cbc@lysator.liu.se
debug2: kex_parse_kexinit: umac-64-etm@openssh.com,umac-128-etm@openssh.com,hmac-sha2-256-etm@openssh.com,hmac-sha2-512-etm@openssh.com,hmac-sha1-etm@openssh.com,umac-64@openssh.com,umac-128@openssh.com,hmac-sha2-256,hmac-sha2-512,hmac-sha1,hmac-md5-etm@openssh.com,hmac-ripemd160-etm@openssh.com,hmac-sha1-96-etm@openssh.com,hmac-md5-96-etm@openssh.com,hmac-md5,hmac-ripemd160,hmac-ripemd160@openssh.com,hmac-sha1-96,hmac-md5-96
debug2: kex_parse_kexinit: umac-64-etm@openssh.com,umac-128-etm@openssh.com,hmac-sha2-256-etm@openssh.com,hmac-sha2-512-etm@openssh.com,hmac-sha1-etm@openssh.com,umac-64@openssh.com,umac-128@openssh.com,hmac-sha2-256,hmac-sha2-512,hmac-sha1,hmac-md5-etm@openssh.com,hmac-ripemd160-etm@openssh.com,hmac-sha1-96-etm@openssh.com,hmac-md5-96-etm@openssh.com,hmac-md5,hmac-ripemd160,hmac-ripemd160@openssh.com,hmac-sha1-96,hmac-md5-96
debug2: kex_parse_kexinit: none,zlib@openssh.com,zlib
debug2: kex_parse_kexinit: none,zlib@openssh.com,zlib
debug2: kex_parse_kexinit: 
debug2: kex_parse_kexinit: 
debug2: kex_parse_kexinit: first_kex_follows 0 
debug2: kex_parse_kexinit: reserved 0 
debug2: kex_parse_kexinit: curve25519-sha256@libssh.org,ecdh-sha2-nistp256,ecdh-sha2-nistp384,ecdh-sha2-nistp521,diffie-hellman-group-exchange-sha256,diffie-hellman-group-exchange-sha1,diffie-hellman-group14-sha1,diffie-hellman-group1-sha1
debug2: kex_parse_kexinit: ssh-rsa,ssh-dss,ecdsa-sha2-nistp256,ssh-ed25519
debug2: kex_parse_kexinit: aes128-ctr,aes192-ctr,aes256-ctr,arcfour256,arcfour128,aes128-gcm@openssh.com,aes256-gcm@openssh.com,chacha20-poly1305@openssh.com,aes128-cbc,3des-cbc,blowfish-cbc,cast128-cbc,aes192-cbc,aes256-cbc,arcfour,rijndael-cbc@lysator.liu.se
debug2: kex_parse_kexinit: aes128-ctr,aes192-ctr,aes256-ctr,arcfour256,arcfour128,aes128-gcm@openssh.com,aes256-gcm@openssh.com,chacha20-poly1305@openssh.com,aes128-cbc,3des-cbc,blowfish-cbc,cast128-cbc,aes192-cbc,aes256-cbc,arcfour,rijndael-cbc@lysator.liu.se
debug2: kex_parse_kexinit: hmac-md5-etm@openssh.com,hmac-sha1-etm@openssh.com,umac-64-etm@openssh.com,umac-128-etm@openssh.com,hmac-sha2-256-etm@openssh.com,hmac-sha2-512-etm@openssh.com,hmac-ripemd160-etm@openssh.com,hmac-sha1-96-etm@openssh.com,hmac-md5-96-etm@openssh.com,hmac-md5,hmac-sha1,umac-64@openssh.com,umac-128@openssh.com,hmac-sha2-256,hmac-sha2-512,hmac-ripemd160,hmac-ripemd160@openssh.com,hmac-sha1-96,hmac-md5-96
debug2: kex_parse_kexinit: hmac-md5-etm@openssh.com,hmac-sha1-etm@openssh.com,umac-64-etm@openssh.com,umac-128-etm@openssh.com,hmac-sha2-256-etm@openssh.com,hmac-sha2-512-etm@openssh.com,hmac-ripemd160-etm@openssh.com,hmac-sha1-96-etm@openssh.com,hmac-md5-96-etm@openssh.com,hmac-md5,hmac-sha1,umac-64@openssh.com,umac-128@openssh.com,hmac-sha2-256,hmac-sha2-512,hmac-ripemd160,hmac-ripemd160@openssh.com,hmac-sha1-96,hmac-md5-96
debug2: kex_parse_kexinit: none,zlib@openssh.com
debug2: kex_parse_kexinit: none,zlib@openssh.com
debug2: kex_parse_kexinit: 
debug2: kex_parse_kexinit: 
debug2: kex_parse_kexinit: first_kex_follows 0 
debug2: kex_parse_kexinit: reserved 0 
debug1: kex: server->client chacha20-poly1305@openssh.com <implicit> none
debug1: kex: client->server chacha20-poly1305@openssh.com <implicit> none
debug1: expecting SSH2_MSG_KEX_ECDH_REPLY
debug1: Server host key: ecdsa-sha2-nistp256 SHA256:6y6SffcOG1TLkkjLR9l5NEuLVJyv+MpqpIzEtDovcTA
debug1: Host '[localhost]:1337' is known and matches the ECDSA host key.
debug1: Found key in /Users/sanjaysana/.ssh/known_hosts:5
debug2: set_newkeys: mode 1
debug1: SSH2_MSG_NEWKEYS sent
debug1: expecting SSH2_MSG_NEWKEYS
debug2: set_newkeys: mode 0
debug1: SSH2_MSG_NEWKEYS received
debug1: Roaming not allowed by server
debug1: SSH2_MSG_SERVICE_REQUEST sent
debug2: service_accept: ssh-userauth
debug1: SSH2_MSG_SERVICE_ACCEPT received
debug2: key: /Users/sanjaysana/.ssh/id_rsa (0x0),
debug2: key: /Users/sanjaysana/.ssh/id_dsa (0x0),
debug2: key: /Users/sanjaysana/.ssh/id_ecdsa (0x0),
debug2: key: /Users/sanjaysana/.ssh/id_ed25519 (0x0),
debug1: Authentications that can continue: publickey,password
debug1: Next authentication method: publickey
debug1: Trying private key: /Users/sanjaysana/.ssh/id_rsa
debug1: Trying private key: /Users/sanjaysana/.ssh/id_dsa
debug1: Trying private key: /Users/sanjaysana/.ssh/id_ecdsa
debug1: Trying private key: /Users/sanjaysana/.ssh/id_ed25519
debug2: we did not send a packet, disable method
debug1: Next authentication method: password
debug2: we sent a password packet, wait for reply
debug1: Authentication succeeded (password).
Authenticated to localhost ([127.0.0.1]:1337).
debug2: fd 9 setting O_NONBLOCK
debug1: channel 0: new [client-session]
debug2: channel 0: send open
debug1: Requesting no-more-sessions@openssh.com
debug1: Entering interactive session.
debug2: callback start
debug2: Checking for xauth using /opt/X11/bin/xauth -f /var/folders/48/sq0w541s7nvdl36yny5w95b40000gn/T//xauth_test exit > /dev/null 2> /dev/null

debug2: x11_get_proto: /opt/X11/bin/xauth -f /var/folders/48/sq0w541s7nvdl36yny5w95b40000gn/T//ssh-VjdTxGIJ7J84/xauthfile generate /private/tmp/com.apple.launchd.Ysx5fdW5cs/org.macosforge.xquartz:0 MIT-MAGIC-COOKIE-1 untrusted timeout 1260 2>/dev/null
Warning: untrusted X11 forwarding setup failed: xauth key data not generated
debug1: Requesting X11 forwarding with authentication spoofing.
debug2: channel 0: request x11-req confirm 1
debug2: fd 5 setting TCP_NODELAY
debug2: client_session2_setup: id 0
debug2: channel 0: request pty-req confirm 1
debug1: Sending environment.
debug1: Sending env LANG = en_US.UTF-8
debug2: channel 0: request env confirm 0
debug2: channel 0: request shell confirm 1
debug2: callback done
debug2: channel 0: open confirm rwindow 0 rmax 32768
debug2: channel_input_status_confirm: type 99 id 0
debug2: X11 forwarding request accepted on channel 0
debug2: channel_input_status_confirm: type 99 id 0
debug2: PTY allocation request accepted on channel 0
debug2: channel 0: rcvd adjust 2097152
debug2: channel_input_status_confirm: type 99 id 0
debug2: shell request accepted on channel 0
debug1: client_input_channel_open: ctype x11 rchan 2 win 65536 max 16384
debug1: client_request_x11: request from 127.0.0.1 45431
debug2: fd 10 setting O_NONBLOCK
debug1: channel 1: new [x11]
debug1: confirm x11
debug2: channel 1: rcvd adjust 47340
debug2: channel 1: rcvd adjust 49152
debug2: channel 1: rcvd adjust 40960
debug2: channel 1: rcvd adjust 49152
debug2: channel 1: rcvd adjust 40960
debug2: channel 1: rcvd adjust 49152
debug2: channel 1: rcvd adjust 40960
debug2: channel 1: rcvd adjust 49152
debug2: channel 1: rcvd adjust 40960
debug2: channel 1: rcvd adjust 49152
debug2: channel 1: rcvd adjust 40960
debug2: channel 1: rcvd adjust 49152
debug2: channel 1: rcvd adjust 40960
debug2: channel 1: rcvd adjust 49152
debug2: channel 1: rcvd adjust 40960
debug2: channel 1: rcvd adjust 49152
debug2: channel 1: rcvd adjust 40960
debug2: channel 1: rcvd adjust 33012
debug2: channel 1: rcvd adjust 41236
debug2: channel 1: rcvd adjust 49152
debug2: channel 1: rcvd adjust 40960
debug2: channel 1: rcvd adjust 49152
debug2: channel 1: rcvd adjust 40960
debug2: channel 1: rcvd adjust 49152
debug2: channel 1: rcvd adjust 40960
debug2: channel 1: rcvd adjust 49152
debug2: channel 1: rcvd adjust 40960
debug2: channel 1: rcvd adjust 49152
debug2: channel 1: rcvd adjust 40960
debug2: channel 1: rcvd adjust 49152
debug2: channel 1: rcvd adjust 40960
debug2: channel 1: rcvd adjust 49152
debug2: channel 1: rcvd adjust 40960
debug2: channel 1: rcvd adjust 49152
debug2: channel 1: rcvd adjust 40960
debug2: channel 1: rcvd adjust 33108
debug2: channel 1: rcvd adjust 40960
debug2: channel 1: rcvd adjust 49152
debug2: channel 1: rcvd adjust 40960
debug2: channel 1: rcvd adjust 49152
debug2: channel 1: rcvd adjust 40960
debug2: channel 1: rcvd adjust 49152
debug2: channel 1: rcvd adjust 40960
debug2: channel 1: rcvd adjust 49152
debug2: channel 1: rcvd adjust 40960
debug2: channel 1: rcvd adjust 49152
debug2: channel 1: rcvd adjust 40960
debug2: channel 1: rcvd adjust 40960
debug2: channel 1: rcvd adjust 49152
debug2: channel 1: rcvd adjust 40960
debug2: channel 1: rcvd adjust 49152
debug2: channel 1: rcvd adjust 40960
debug2: channel 1: rcvd adjust 49152
debug2: channel 1: rcvd adjust 41300
debug2: channel 1: rcvd adjust 49152
debug2: channel 1: rcvd adjust 40960
debug2: channel 1: rcvd adjust 49152
debug2: channel 1: rcvd adjust 40960
debug2: channel 1: rcvd adjust 49152
debug2: channel 1: rcvd adjust 40960
debug2: channel 1: rcvd adjust 49152
debug2: channel 1: rcvd adjust 40960
debug2: channel 1: rcvd adjust 49152
debug2: channel 1: rcvd adjust 40960
debug2: channel 1: rcvd adjust 49152
debug2: channel 1: rcvd adjust 40960
debug2: channel 1: rcvd adjust 49152
debug2: channel 1: rcvd adjust 40960
debug2: channel 1: rcvd adjust 49152
debug2: channel 1: rcvd adjust 40960
debug2: channel 1: rcvd adjust 41204
debug2: channel 1: rcvd eof
debug2: channel 1: output open -> drain
debug2: channel 1: obuf empty
debug2: channel 1: close_write
debug2: channel 1: output drain -> closed
debug1: channel 1: FORCE input drain
debug2: channel 1: ibuf empty
debug2: channel 1: send eof
debug2: channel 1: input drain -> closed
debug2: channel 1: send close
debug2: channel 1: rcvd close
debug2: channel 1: is dead
debug2: channel 1: garbage collecting
debug1: channel 1: free: x11, nchannels 2
debug1: client_input_channel_req: channel 0 rtype exit-status reply 0
debug1: client_input_channel_req: channel 0 rtype eow@openssh.com reply 0
debug2: channel 0: rcvd eow
debug2: channel 0: close_read
debug2: channel 0: input open -> closed
debug2: channel 0: rcvd eof
debug2: channel 0: output open -> drain
debug2: channel 0: obuf empty
debug2: channel 0: close_write
debug2: channel 0: output drain -> closed
debug2: channel 0: rcvd close
debug2: channel 0: almost dead
debug2: channel 0: gc: notify user
debug2: channel 0: gc: user detached
debug2: channel 0: send close
debug2: channel 0: is dead
debug2: channel 0: garbage collecting
debug1: channel 0: free: client-session, nchannels 1
debug1: fd 2 clearing O_NONBLOCK
Connection to localhost closed.
Transferred: sent 3201788, received 35980 bytes, in 96.6 seconds
Bytes per second: sent 33132.7, received 372.3
debug1: Exit status 0
